<?xml version="1.0" encoding="UTF-8"?>
<!-- Generated by org.testng.reporters.JUnitReportReporter -->
<testsuite hostname="alexpardilla" failures="0" tests="1" name="LoginTest" time="1.558" errors="1" timestamp="2023-06-06T13:57:52 CEST" skipped="0">
  <testcase classname="LoginTest" name="runScenario" time="1.558">
    <error message="current thread is not owner" type="java.lang.IllegalMonitorStateException">
      <![CDATA[java.lang.IllegalMonitorStateException: current thread is not owner
at java.base/java.lang.Object.wait(Native Method)
at steps.LoginSteps.theProductListAppears(LoginSteps.java:64)
at ✽.the products list appears(file:///C:/Users/alexp/OneDrive/Escritorio/TFG/TFG-Test/TFG-test/src/test/java/features/login.feature:24)
]]>
    </error>
  </testcase> <!-- runScenario -->
  <system-out/>
</testsuite> <!-- LoginTest -->
